<?xml version="1.0" encoding="UTF-8"?>
<!-- Generated by org.testng.reporters.JUnitReportReporter -->
<testsuite hostname="CMI-User" name="testcases.RegistrationBoysAndGirls" tests="4" failures="0" timestamp="16 Nov 2015 08:14:13 GMT" time="33.443" errors="0">
  <testcase name="registrationPreferGirls" time="8.600" classname="testcases.RegistrationBoysAndGirls"/>
  <testcase name="registrationPreferBoys" time="8.366" classname="testcases.RegistrationBoysAndGirls"/>
  <testcase name="registrationPreferBoys" time="9.346" classname="testcases.RegistrationBoysAndGirls"/>
  <testcase name="registrationPreferGirls" time="7.131" classname="testcases.RegistrationBoysAndGirls"/>
</testsuite> <!-- testcases.RegistrationBoysAndGirls -->
