<?xml version="1.0" encoding="UTF-8"?>
<!-- Generated by org.testng.reporters.JUnitReportReporter -->
<testsuite hostname="CMI-User" name="Remote.RegistrationBoysAndGirls" tests="2" failures="0" timestamp="16 Nov 2015 14:04:32 GMT" time="15.536" errors="0">
  <testcase name="registrationPreferGirls" time="7.093" classname="Remote.RegistrationBoysAndGirls"/>
  <testcase name="registrationPreferBoys" time="8.443" classname="Remote.RegistrationBoysAndGirls"/>
</testsuite> <!-- Remote.RegistrationBoysAndGirls -->
