<?xml version="1.0" encoding="UTF-8"?>
<!-- Generated by org.testng.reporters.JUnitReportReporter -->
<testsuite hostname="CMI-User" name="testcases.RegistrationBoysAndGirlsXML" tests="4" failures="0" timestamp="16 Nov 2015 08:03:55 GMT" time="31.497" errors="0">
  <testcase name="registrationPreferGirls" time="6.639" classname="testcases.RegistrationBoysAndGirlsXML"/>
  <testcase name="registrationPreferBoys" time="8.591" classname="testcases.RegistrationBoysAndGirlsXML"/>
  <testcase name="registrationPreferBoys" time="8.743" classname="testcases.RegistrationBoysAndGirlsXML"/>
  <testcase name="registrationPreferGirls" time="7.524" classname="testcases.RegistrationBoysAndGirlsXML"/>
</testsuite> <!-- testcases.RegistrationBoysAndGirlsXML -->
